<?xml version="1.0" encoding="UTF-8"?>
<!-- Generated by org.testng.reporters.JUnitReportReporter -->
<testsuite hostname="DESKTOP-SDMDQGU" failures="0" tests="1" name="com.inetbanking.testCases.TC_LoginTest_001" time="1.442" errors="0" timestamp="2024-11-19T10:44:38 IST" skipped="0">
  <testcase classname="com.inetbanking.testCases.TC_LoginTest_001" name="loginTest" time="1.442"/>
</testsuite> <!-- com.inetbanking.testCases.TC_LoginTest_001 -->
